<?xml version="1.0" encoding="UTF-8"?>
<!-- Generated by org.testng.reporters.JUnitXMLReporter -->
<testsuite ignored="0" hostname="Mypc" failures="3" tests="16" name="SmokeTest" time="56.454" errors="0" timestamp="19 Jul 2020 15:29:15 GMT">
  <testcase classname="com.EmiCalculator.smoketest.TestDriver" name="verifyPage" time="0.071"/>
  <testcase classname="com.EmiCalculator.smoketest.TestDriver" name="setoption" time="1.393"/>
  <testcase classname="com.EmiCalculator.smoketest.TestDriver" name="typeAmount" time="1.612"/>
  <testcase classname="com.EmiCalculator.smoketest.TestDriver" name="typeInterest" time="1.585"/>
  <testcase classname="com.EmiCalculator.smoketest.TestDriver" name="typeTenure" time="1.786"/>
  <testcase classname="com.EmiCalculator.smoketest.TestDriver" name="typeStartingMonth" time="0.113"/>
  <testcase classname="com.EmiCalculator.smoketest.TestDriver" name="clickExpand" time="0.613"/>
  <testcase classname="com.EmiCalculator.smoketest.TestDriver" name="getDataInWorkbook" time="1.565"/>
  <testcase classname="com.EmiCalculator.smoketest.TestDriver" name="takeScreenshot" time="27.09"/>
  <testcase classname="com.EmiCalculator.smoketest.TestDriver" name="newCarLoan" time="4.919"/>
  <testcase classname="com.EmiCalculator.smoketest.TestDriver" name="typeNewAmount" time="0.995">
    <failure type="java.lang.AssertionError" message="Minimum Loan Amount : 1 expected [1.0] but found [0.0]">
      <![CDATA[java.lang.AssertionError: Minimum Loan Amount : 1 expected [1.0] but found [0.0]
at com.EmiCalculator.smoketest.TestDriver.typeNewAmount(TestDriver.java:191)
at java.base/java.util.concurrent.FutureTask.run(FutureTask.java:264)
at java.base/java.util.concurrent.ThreadPoolExecutor.runWorker(ThreadPoolExecutor.java:1130)
at java.base/java.util.concurrent.ThreadPoolExecutor$Worker.run(ThreadPoolExecutor.java:630)
at java.base/java.lang.Thread.run(Thread.java:832)
... Removed 21 stack frames]]>
    </failure>
  </testcase> <!-- typeNewAmount -->
  <testcase classname="com.EmiCalculator.smoketest.TestDriver" name="typeNewInterest" time="0.834">
    <failure type="java.lang.AssertionError" message="Minimum Interest Rate : 5% expected [5.0] but found [0.0]">
      <![CDATA[java.lang.AssertionError: Minimum Interest Rate : 5% expected [5.0] but found [0.0]
at com.EmiCalculator.smoketest.TestDriver.typeNewInterest(TestDriver.java:201)
at java.base/java.util.concurrent.FutureTask.run(FutureTask.java:264)
at java.base/java.util.concurrent.ThreadPoolExecutor.runWorker(ThreadPoolExecutor.java:1130)
at java.base/java.util.concurrent.ThreadPoolExecutor$Worker.run(ThreadPoolExecutor.java:630)
at java.base/java.lang.Thread.run(Thread.java:832)
... Removed 21 stack frames]]>
    </failure>
  </testcase> <!-- typeNewInterest -->
  <testcase classname="com.EmiCalculator.smoketest.TestDriver" name="typeNewTenure" time="0.66">
    <failure type="java.lang.AssertionError" message="Minimum Loan Tenure is : 1 Year expected [1.0] but found [0.0]">
      <![CDATA[java.lang.AssertionError: Minimum Loan Tenure is : 1 Year expected [1.0] but found [0.0]
at com.EmiCalculator.smoketest.TestDriver.typeNewTenure(TestDriver.java:211)
at java.base/java.util.concurrent.FutureTask.run(FutureTask.java:264)
at java.base/java.util.concurrent.ThreadPoolExecutor.runWorker(ThreadPoolExecutor.java:1130)
at java.base/java.util.concurrent.ThreadPoolExecutor$Worker.run(ThreadPoolExecutor.java:630)
at java.base/java.lang.Thread.run(Thread.java:832)
... Removed 21 stack frames]]>
    </failure>
  </testcase> <!-- typeNewTenure -->
  <testcase classname="com.EmiCalculator.smoketest.TestDriver" name="clickSecondExpand" time="0.196"/>
  <testcase classname="com.EmiCalculator.smoketest.TestDriver" name="getNewValues" time="0.562"/>
  <testcase classname="com.EmiCalculator.smoketest.TestDriver" name="takesecondScreenShot" time="0.543"/>
</testsuite> <!-- SmokeTest -->
