<?xml version="1.0" encoding="UTF-8"?>
<!-- Generated by org.testng.reporters.JUnitReportReporter -->
<testsuite hostname="Mypc" failures="3" tests="16" name="com.EmiCalculator.smoketest.TestDriver" time="44.537" errors="0" timestamp="19 Jul 2020 15:30:18 GMT" skipped="0">
  <testcase classname="com.EmiCalculator.smoketest.TestDriver" name="verifyPage" time="0.071"/>
  <testcase classname="com.EmiCalculator.smoketest.TestDriver" name="setoption" time="1.393"/>
  <testcase classname="com.EmiCalculator.smoketest.TestDriver" name="typeAmount" time="1.612"/>
  <testcase classname="com.EmiCalculator.smoketest.TestDriver" name="typeInterest" time="1.585"/>
  <testcase classname="com.EmiCalculator.smoketest.TestDriver" name="typeTenure" time="1.786"/>
  <testcase classname="com.EmiCalculator.smoketest.TestDriver" name="typeStartingMonth" time="0.113"/>
  <testcase classname="com.EmiCalculator.smoketest.TestDriver" name="clickExpand" time="0.613"/>
  <testcase classname="com.EmiCalculator.smoketest.TestDriver" name="getDataInWorkbook" time="1.565"/>
  <testcase classname="com.EmiCalculator.smoketest.TestDriver" name="takeScreenshot" time="27.090"/>
  <testcase classname="com.EmiCalculator.smoketest.TestDriver" name="newCarLoan" time="4.919"/>
  <testcase classname="com.EmiCalculator.smoketest.TestDriver" name="typeNewAmount" time="0.995">
    <failure message="Minimum Loan Amount : 1 expected [1.0] but found [0.0]" type="java.lang.AssertionError">
      <![CDATA[java.lang.AssertionError: Minimum Loan Amount : 1 expected [1.0] but found [0.0]
at org.testng.Assert.fail(Assert.java:96)
at org.testng.Assert.failNotEquals(Assert.java:776)
at org.testng.Assert.assertEqualsImpl(Assert.java:137)
at org.testng.Assert.assertEquals(Assert.java:118)
at org.testng.Assert.assertEquals(Assert.java:453)
at com.EmiCalculator.smoketest.TestDriver.typeNewAmount(TestDriver.java:191)
at java.base/jdk.internal.reflect.NativeMethodAccessorImpl.invoke0(Native Method)
at java.base/jdk.internal.reflect.NativeMethodAccessorImpl.invoke(NativeMethodAccessorImpl.java:62)
at java.base/jdk.internal.reflect.DelegatingMethodAccessorImpl.invoke(DelegatingMethodAccessorImpl.java:43)
at java.base/java.lang.reflect.Method.invoke(Method.java:564)
at org.testng.internal.MethodInvocationHelper.invokeMethod(MethodInvocationHelper.java:124)
at org.testng.internal.Invoker.invokeMethod(Invoker.java:583)
at org.testng.internal.Invoker.invokeTestMethod(Invoker.java:719)
at org.testng.internal.Invoker.invokeTestMethods(Invoker.java:989)
at org.testng.internal.TestMethodWorker.invokeTestMethods(TestMethodWorker.java:125)
at org.testng.internal.TestMethodWorker.run(TestMethodWorker.java:109)
at org.testng.TestRunner.privateRun(TestRunner.java:648)
at org.testng.TestRunner.run(TestRunner.java:505)
at org.testng.SuiteRunner.runTest(SuiteRunner.java:455)
at org.testng.SuiteRunner.access$000(SuiteRunner.java:40)
at org.testng.SuiteRunner$SuiteWorker.run(SuiteRunner.java:489)
at org.testng.internal.thread.ThreadUtil$1.call(ThreadUtil.java:52)
at java.base/java.util.concurrent.FutureTask.run(FutureTask.java:264)
at java.base/java.util.concurrent.ThreadPoolExecutor.runWorker(ThreadPoolExecutor.java:1130)
at java.base/java.util.concurrent.ThreadPoolExecutor$Worker.run(ThreadPoolExecutor.java:630)
at java.base/java.lang.Thread.run(Thread.java:832)
]]>
    </failure>
  </testcase> <!-- typeNewAmount -->
  <testcase classname="com.EmiCalculator.smoketest.TestDriver" name="typeNewInterest" time="0.834">
    <failure message="Minimum Interest Rate : 5% expected [5.0] but found [0.0]" type="java.lang.AssertionError">
      <![CDATA[java.lang.AssertionError: Minimum Interest Rate : 5% expected [5.0] but found [0.0]
at org.testng.Assert.fail(Assert.java:96)
at org.testng.Assert.failNotEquals(Assert.java:776)
at org.testng.Assert.assertEqualsImpl(Assert.java:137)
at org.testng.Assert.assertEquals(Assert.java:118)
at org.testng.Assert.assertEquals(Assert.java:453)
at com.EmiCalculator.smoketest.TestDriver.typeNewInterest(TestDriver.java:201)
at java.base/jdk.internal.reflect.NativeMethodAccessorImpl.invoke0(Native Method)
at java.base/jdk.internal.reflect.NativeMethodAccessorImpl.invoke(NativeMethodAccessorImpl.java:62)
at java.base/jdk.internal.reflect.DelegatingMethodAccessorImpl.invoke(DelegatingMethodAccessorImpl.java:43)
at java.base/java.lang.reflect.Method.invoke(Method.java:564)
at org.testng.internal.MethodInvocationHelper.invokeMethod(MethodInvocationHelper.java:124)
at org.testng.internal.Invoker.invokeMethod(Invoker.java:583)
at org.testng.internal.Invoker.invokeTestMethod(Invoker.java:719)
at org.testng.internal.Invoker.invokeTestMethods(Invoker.java:989)
at org.testng.internal.TestMethodWorker.invokeTestMethods(TestMethodWorker.java:125)
at org.testng.internal.TestMethodWorker.run(TestMethodWorker.java:109)
at org.testng.TestRunner.privateRun(TestRunner.java:648)
at org.testng.TestRunner.run(TestRunner.java:505)
at org.testng.SuiteRunner.runTest(SuiteRunner.java:455)
at org.testng.SuiteRunner.access$000(SuiteRunner.java:40)
at org.testng.SuiteRunner$SuiteWorker.run(SuiteRunner.java:489)
at org.testng.internal.thread.ThreadUtil$1.call(ThreadUtil.java:52)
at java.base/java.util.concurrent.FutureTask.run(FutureTask.java:264)
at java.base/java.util.concurrent.ThreadPoolExecutor.runWorker(ThreadPoolExecutor.java:1130)
at java.base/java.util.concurrent.ThreadPoolExecutor$Worker.run(ThreadPoolExecutor.java:630)
at java.base/java.lang.Thread.run(Thread.java:832)
]]>
    </failure>
  </testcase> <!-- typeNewInterest -->
  <testcase classname="com.EmiCalculator.smoketest.TestDriver" name="typeNewTenure" time="0.660">
    <failure message="Minimum Loan Tenure is : 1 Year expected [1.0] but found [0.0]" type="java.lang.AssertionError">
      <![CDATA[java.lang.AssertionError: Minimum Loan Tenure is : 1 Year expected [1.0] but found [0.0]
at org.testng.Assert.fail(Assert.java:96)
at org.testng.Assert.failNotEquals(Assert.java:776)
at org.testng.Assert.assertEqualsImpl(Assert.java:137)
at org.testng.Assert.assertEquals(Assert.java:118)
at org.testng.Assert.assertEquals(Assert.java:453)
at com.EmiCalculator.smoketest.TestDriver.typeNewTenure(TestDriver.java:211)
at java.base/jdk.internal.reflect.NativeMethodAccessorImpl.invoke0(Native Method)
at java.base/jdk.internal.reflect.NativeMethodAccessorImpl.invoke(NativeMethodAccessorImpl.java:62)
at java.base/jdk.internal.reflect.DelegatingMethodAccessorImpl.invoke(DelegatingMethodAccessorImpl.java:43)
at java.base/java.lang.reflect.Method.invoke(Method.java:564)
at org.testng.internal.MethodInvocationHelper.invokeMethod(MethodInvocationHelper.java:124)
at org.testng.internal.Invoker.invokeMethod(Invoker.java:583)
at org.testng.internal.Invoker.invokeTestMethod(Invoker.java:719)
at org.testng.internal.Invoker.invokeTestMethods(Invoker.java:989)
at org.testng.internal.TestMethodWorker.invokeTestMethods(TestMethodWorker.java:125)
at org.testng.internal.TestMethodWorker.run(TestMethodWorker.java:109)
at org.testng.TestRunner.privateRun(TestRunner.java:648)
at org.testng.TestRunner.run(TestRunner.java:505)
at org.testng.SuiteRunner.runTest(SuiteRunner.java:455)
at org.testng.SuiteRunner.access$000(SuiteRunner.java:40)
at org.testng.SuiteRunner$SuiteWorker.run(SuiteRunner.java:489)
at org.testng.internal.thread.ThreadUtil$1.call(ThreadUtil.java:52)
at java.base/java.util.concurrent.FutureTask.run(FutureTask.java:264)
at java.base/java.util.concurrent.ThreadPoolExecutor.runWorker(ThreadPoolExecutor.java:1130)
at java.base/java.util.concurrent.ThreadPoolExecutor$Worker.run(ThreadPoolExecutor.java:630)
at java.base/java.lang.Thread.run(Thread.java:832)
]]>
    </failure>
  </testcase> <!-- typeNewTenure -->
  <testcase classname="com.EmiCalculator.smoketest.TestDriver" name="clickSecondExpand" time="0.196"/>
  <testcase classname="com.EmiCalculator.smoketest.TestDriver" name="getNewValues" time="0.562"/>
  <testcase classname="com.EmiCalculator.smoketest.TestDriver" name="takesecondScreenShot" time="0.543"/>
</testsuite> <!-- com.EmiCalculator.smoketest.TestDriver -->
